<?xml version="1.0" encoding="UTF-8"?>
<!-- Generated by org.testng.reporters.JUnitReportReporter -->
<testsuite hostname="helilshahyars-iMac.local" failures="0" tests="4" name="tests.CraterUserManagement" time="25.141" errors="0" timestamp="2022-12-21T21:08:26 EST" skipped="0">
  <testcase classname="tests.CraterUserManagement" name="invalidLogin" time="5.767"/>
  <system-out/>
  <testcase classname="tests.CraterUserManagement" name="invalidLogin" time="6.653"/>
  <system-out/>
  <testcase classname="tests.CraterUserManagement" name="invalidLogin" time="6.920"/>
  <system-out/>
  <testcase classname="tests.CraterUserManagement" name="invalidLogin" time="5.801"/>
  <system-out/>
</testsuite> <!-- tests.CraterUserManagement -->
