<?xml version="1.0" encoding="UTF-8"?>
<!-- Generated by org.testng.reporters.JUnitReportReporter -->
<testsuite hostname="LAPTOP-6RBODQ3G" failures="0" tests="1" name="tests.SignUpTests" time="18.746" errors="0" timestamp="2022-12-04T04:46:17 EST" skipped="0">
  <testcase classname="tests.SignUpTests" name="signUpPageTest" time="18.746"/>
  <system-out/>
</testsuite> <!-- tests.SignUpTests -->
