<?xml version="1.0" encoding="UTF-8"?>
<!-- Generated by org.testng.reporters.JUnitReportReporter -->
<testsuite hostname="LAPTOP-6RBODQ3G" failures="0" tests="2" name="tests.SauceDemoLoginTests" time="6.393" errors="0" timestamp="2022-12-04T06:24:00 EST" skipped="0">
  <testcase classname="tests.SauceDemoLoginTests" name="credentialTest" time="2.429"/>
  <system-out/>
  <testcase classname="tests.SauceDemoLoginTests" name="credentialTest" time="3.964"/>
  <system-out/>
</testsuite> <!-- tests.SauceDemoLoginTests -->
