<?xml version="1.0" encoding="UTF-8"?>
<!-- Generated by org.testng.reporters.JUnitReportReporter -->
<testsuite hostname="LAPTOP-6RBODQ3G" failures="0" tests="11" name="tests.AmazonSearchWithExcel" time="129.733" errors="0" timestamp="2022-12-04T08:50:12 EST" skipped="1">
  <testcase classname="tests.AmazonSearchWithExcel" name="AmazonSearchTest" time="10.236"/>
  <system-out/>
  <testcase classname="tests.AmazonSearchWithExcel" name="AmazonSearchTest" time="11.738"/>
  <system-out/>
  <testcase classname="tests.AmazonSearchWithExcel" name="AmazonSearchTest" time="16.958"/>
  <system-out/>
  <testcase classname="tests.AmazonSearchWithExcel" name="AmazonSearchTest" time="12.191"/>
  <system-out/>
  <testcase classname="tests.AmazonSearchWithExcel" name="AmazonSearchTest" time="14.256"/>
  <system-out/>
  <testcase classname="tests.AmazonSearchWithExcel" name="AmazonSearchTest" time="13.201"/>
  <system-out/>
  <testcase classname="tests.AmazonSearchWithExcel" name="AmazonSearchTest" time="12.814"/>
  <system-out/>
  <testcase classname="tests.AmazonSearchWithExcel" name="AmazonSearchTest" time="10.144"/>
  <system-out/>
  <testcase classname="tests.AmazonSearchWithExcel" name="AmazonSearchTest" time="15.089"/>
  <system-out/>
  <testcase classname="tests.AmazonSearchWithExcel" name="AmazonSearchTest" time="13.106"/>
  <system-out/>
  <testcase classname="tests.AmazonSearchWithExcel" name="test">
    <skipped/>
  </testcase> <!-- test -->
  <system-out/>
</testsuite> <!-- tests.AmazonSearchWithExcel -->
