<?xml version="1.0" encoding="UTF-8"?>
<!-- Generated by org.testng.reporters.JUnitReportReporter -->
<testsuite hostname="helilshahyars-iMac.local" failures="0" tests="1" name="tests.CraterItemsTests" time="20.977" errors="0" timestamp="2022-12-28T20:53:14 EST" skipped="0">
  <testcase classname="tests.CraterItemsTests" name="createItem" time="20.977"/>
  <system-out/>
</testsuite> <!-- tests.CraterItemsTests -->
