<?xml version="1.0" encoding="UTF-8"?>
<!-- Generated by org.testng.reporters.JUnitReportReporter -->
<testsuite hostname="LAPTOP-6RBODQ3G" failures="0" tests="9" name="petStoreApiTests.PetStoreApiTests" time="4.905" errors="0" timestamp="2022-12-18T20:30:28 EST" skipped="0">
  <testcase classname="petStoreApiTests.PetStoreApiTests" name="postACat" time="0.345"/>
  <system-out/>
  <testcase classname="petStoreApiTests.PetStoreApiTests" name="createCatWithJsonFile" time="0.292"/>
  <system-out/>
  <testcase classname="petStoreApiTests.PetStoreApiTests" name="getPetById" time="0.201"/>
  <system-out/>
  <testcase classname="petStoreApiTests.PetStoreApiTests" name="chainValidation" time="2.666"/>
  <system-out/>
  <testcase classname="petStoreApiTests.PetStoreApiTests" name="postAPet" time="0.239"/>
  <system-out/>
  <testcase classname="petStoreApiTests.PetStoreApiTests" name="getById" time="0.308"/>
  <system-out/>
  <testcase classname="petStoreApiTests.PetStoreApiTests" name="updateCat" time="0.254"/>
  <system-out/>
  <testcase classname="petStoreApiTests.PetStoreApiTests" name="findPetByStatus" time="0.308"/>
  <system-out/>
  <testcase classname="petStoreApiTests.PetStoreApiTests" name="invalidIdUpdateCat" time="0.292"/>
  <system-out/>
</testsuite> <!-- petStoreApiTests.PetStoreApiTests -->
