<?xml version="1.0" encoding="UTF-8"?>
<!-- Generated by org.testng.reporters.JUnitReportReporter -->
<testsuite hostname="helilshahyars-iMac.local" failures="0" tests="1" name="tests.CraterUserManagement" time="6.723" errors="0" timestamp="2022-12-28T20:47:13 EST" skipped="0">
  <testcase classname="tests.CraterUserManagement" name="validLogin" time="6.723"/>
  <system-out/>
</testsuite> <!-- tests.CraterUserManagement -->
