<?xml version="1.0" encoding="UTF-8"?>
<!-- Generated by org.testng.reporters.JUnitReportReporter -->
<<<<<<< HEAD
<testsuite hostname="LAPTOP-6RBODQ3G" failures="0" tests="2" name="tests.SauceDemoLoginTests" time="6.393" errors="0" timestamp="2022-12-04T06:24:00 EST" skipped="0">
  <testcase classname="tests.SauceDemoLoginTests" name="credentialTest" time="2.429"/>
  <system-out/>
  <testcase classname="tests.SauceDemoLoginTests" name="credentialTest" time="3.964"/>
=======
<testsuite hostname="helilshahyars-iMac.local" failures="0" tests="2" name="tests.SauceDemoLoginTests" time="8.099" errors="0" timestamp="2022-12-21T19:47:32 EST" skipped="0">
  <testcase classname="tests.SauceDemoLoginTests" name="credentialTest" time="4.612"/>
  <system-out/>
  <testcase classname="tests.SauceDemoLoginTests" name="credentialTest" time="3.487"/>
>>>>>>> 471e94fb590cda91dc896037a7a9c5683645392a
  <system-out/>
</testsuite> <!-- tests.SauceDemoLoginTests -->
